<?xml version="1.0" encoding="UTF-8"?>
<robot generator="Robot 4.1.2 (Python 3.8.8 on win32)" generated="20211213 17:57:58.485" rpa="false" schemaversion="2">
<suite id="s1" name="Tests" source="D:\_SchoolRelated\3rd_Year-1st_Term\STSWENG\robotFramework\robotframework\tests">
<suite id="s1-s1" name="Valid Login" source="D:\_SchoolRelated\3rd_Year-1st_Term\STSWENG\robotFramework\robotframework\tests\valid_login.robot">
<test id="s1-s1-t1" name="Valid Login">
<kw name="Open Browser To Login Page" library="resources">
<kw name="Open Browser" library="SeleniumLibrary">
<arg>${LOGIN URL}</arg>
<arg>${BROWSER}</arg>
<doc>Opens a new browser instance to the optional ``url``.</doc>
<msg timestamp="20211213 17:57:58.803" level="INFO">Opening browser 'chrome' to base url 'https://www.saucedemo.com/'.</msg>
<status status="PASS" starttime="20211213 17:57:58.802" endtime="20211213 17:58:01.195"/>
</kw>
<kw name="Maximize Browser Window" library="SeleniumLibrary">
<doc>Maximizes current browser window.</doc>
<status status="PASS" starttime="20211213 17:58:01.196" endtime="20211213 17:58:01.324"/>
</kw>
<kw name="Set Selenium Speed" library="SeleniumLibrary">
<arg>${DELAY}</arg>
<doc>Sets the delay that is waited after each Selenium command.</doc>
<status status="PASS" starttime="20211213 17:58:01.324" endtime="20211213 17:58:01.325"/>
</kw>
<kw name="Login Page Should Be Open" library="resources">
<kw name="Page Should Contain Element" library="SeleniumLibrary">
<arg>login-button</arg>
<doc>Verifies that element ``locator`` is found on the current page.</doc>
<msg timestamp="20211213 17:58:01.339" level="INFO">Current page contains element 'login-button'.</msg>
<status status="PASS" starttime="20211213 17:58:01.325" endtime="20211213 17:58:01.339"/>
</kw>
<status status="PASS" starttime="20211213 17:58:01.325" endtime="20211213 17:58:01.339"/>
</kw>
<status status="PASS" starttime="20211213 17:57:58.802" endtime="20211213 17:58:01.339"/>
</kw>
<kw name="Input Username" library="resources">
<arg>${VALID USER}</arg>
<kw name="Input Text" library="SeleniumLibrary">
<arg>user-name</arg>
<arg>${username}</arg>
<doc>Types the given ``text`` into the text field identified by ``locator``.</doc>
<msg timestamp="20211213 17:58:01.341" level="INFO">Typing text 'standard_user' into text field 'user-name'.</msg>
<status status="PASS" starttime="20211213 17:58:01.341" endtime="20211213 17:58:01.440"/>
</kw>
<status status="PASS" starttime="20211213 17:58:01.340" endtime="20211213 17:58:01.441"/>
</kw>
<kw name="Input Pass" library="resources">
<arg>${VALID PASSWORD}</arg>
<kw name="Input Password" library="SeleniumLibrary">
<arg>password</arg>
<arg>${password}</arg>
<doc>Types the given password into the text field identified by ``locator``.</doc>
<msg timestamp="20211213 17:58:01.442" level="INFO">Typing password into text field 'password'.</msg>
<msg timestamp="20211213 17:58:01.474" level="INFO">Temporally setting log level to: NONE</msg>
<msg timestamp="20211213 17:58:01.514" level="INFO">Log level changed from NONE to INFO.</msg>
<status status="PASS" starttime="20211213 17:58:01.442" endtime="20211213 17:58:01.514"/>
</kw>
<status status="PASS" starttime="20211213 17:58:01.441" endtime="20211213 17:58:01.514"/>
</kw>
<kw name="Submit Credentials" library="resources">
<kw name="Click Button" library="SeleniumLibrary">
<arg>login-button</arg>
<doc>Clicks the button identified by ``locator``.</doc>
<msg timestamp="20211213 17:58:01.515" level="INFO">Clicking button 'login-button'.</msg>
<status status="PASS" starttime="20211213 17:58:01.515" endtime="20211213 17:58:01.591"/>
</kw>
<status status="PASS" starttime="20211213 17:58:01.515" endtime="20211213 17:58:01.591"/>
</kw>
<kw name="Product Page Should Be Open" library="resources">
<kw name="Element Text Should Be" library="SeleniumLibrary">
<arg>class:title</arg>
<arg>PRODUCTS</arg>
<doc>Verifies that element ``locator`` contains exact the text ``expected``.</doc>
<msg timestamp="20211213 17:58:01.592" level="INFO">Verifying element 'class:title' contains exact text 'PRODUCTS'.</msg>
<status status="PASS" starttime="20211213 17:58:01.592" endtime="20211213 17:58:01.615"/>
</kw>
<status status="PASS" starttime="20211213 17:58:01.591" endtime="20211213 17:58:01.615"/>
</kw>
<kw name="Close Browser" library="SeleniumLibrary" type="TEARDOWN">
<doc>Closes the current browser.</doc>
<status status="PASS" starttime="20211213 17:58:01.616" endtime="20211213 17:58:03.751"/>
</kw>
<status status="PASS" starttime="20211213 17:57:58.801" endtime="20211213 17:58:03.751"/>
</test>
<test id="s1-s1-t2" name="Locked Out Login">
<kw name="Open Browser To Login Page" library="resources">
<kw name="Open Browser" library="SeleniumLibrary">
<arg>${LOGIN URL}</arg>
<arg>${BROWSER}</arg>
<doc>Opens a new browser instance to the optional ``url``.</doc>
<msg timestamp="20211213 17:58:03.753" level="INFO">Opening browser 'chrome' to base url 'https://www.saucedemo.com/'.</msg>
<status status="PASS" starttime="20211213 17:58:03.753" endtime="20211213 17:58:05.450"/>
</kw>
<kw name="Maximize Browser Window" library="SeleniumLibrary">
<doc>Maximizes current browser window.</doc>
<status status="PASS" starttime="20211213 17:58:05.450" endtime="20211213 17:58:05.568"/>
</kw>
<kw name="Set Selenium Speed" library="SeleniumLibrary">
<arg>${DELAY}</arg>
<doc>Sets the delay that is waited after each Selenium command.</doc>
<status status="PASS" starttime="20211213 17:58:05.569" endtime="20211213 17:58:05.569"/>
</kw>
<kw name="Login Page Should Be Open" library="resources">
<kw name="Page Should Contain Element" library="SeleniumLibrary">
<arg>login-button</arg>
<doc>Verifies that element ``locator`` is found on the current page.</doc>
<msg timestamp="20211213 17:58:05.580" level="INFO">Current page contains element 'login-button'.</msg>
<status status="PASS" starttime="20211213 17:58:05.569" endtime="20211213 17:58:05.580"/>
</kw>
<status status="PASS" starttime="20211213 17:58:05.569" endtime="20211213 17:58:05.580"/>
</kw>
<status status="PASS" starttime="20211213 17:58:03.752" endtime="20211213 17:58:05.581"/>
</kw>
<kw name="Input Username" library="resources">
<arg>${LOCKED OUT USER}</arg>
<kw name="Input Text" library="SeleniumLibrary">
<arg>user-name</arg>
<arg>${username}</arg>
<doc>Types the given ``text`` into the text field identified by ``locator``.</doc>
<msg timestamp="20211213 17:58:05.582" level="INFO">Typing text 'locked_out_user' into text field 'user-name'.</msg>
<status status="PASS" starttime="20211213 17:58:05.581" endtime="20211213 17:58:05.690"/>
</kw>
<status status="PASS" starttime="20211213 17:58:05.581" endtime="20211213 17:58:05.690"/>
</kw>
<kw name="Input Pass" library="resources">
<arg>${VALID PASSWORD}</arg>
<kw name="Input Password" library="SeleniumLibrary">
<arg>password</arg>
<arg>${password}</arg>
<doc>Types the given password into the text field identified by ``locator``.</doc>
<msg timestamp="20211213 17:58:05.691" level="INFO">Typing password into text field 'password'.</msg>
<msg timestamp="20211213 17:58:05.724" level="INFO">Temporally setting log level to: NONE</msg>
<msg timestamp="20211213 17:58:05.777" level="INFO">Log level changed from NONE to INFO.</msg>
<status status="PASS" starttime="20211213 17:58:05.691" endtime="20211213 17:58:05.777"/>
</kw>
<status status="PASS" starttime="20211213 17:58:05.690" endtime="20211213 17:58:05.777"/>
</kw>
<kw name="Submit Credentials" library="resources">
<kw name="Click Button" library="SeleniumLibrary">
<arg>login-button</arg>
<doc>Clicks the button identified by ``locator``.</doc>
<msg timestamp="20211213 17:58:05.779" level="INFO">Clicking button 'login-button'.</msg>
<status status="PASS" starttime="20211213 17:58:05.778" endtime="20211213 17:58:05.827"/>
</kw>
<status status="PASS" starttime="20211213 17:58:05.778" endtime="20211213 17:58:05.827"/>
</kw>
<kw name="Error Message" library="resources">
<kw name="Element Text Should Be" library="SeleniumLibrary">
<arg>css:div#root h3</arg>
<arg>Epic sadface: Sorry, this user has been locked out.</arg>
<doc>Verifies that element ``locator`` contains exact the text ``expected``.</doc>
<msg timestamp="20211213 17:58:05.828" level="INFO">Verifying element 'css:div#root h3' contains exact text 'Epic sadface: Sorry, this user has been locked out.'.</msg>
<status status="PASS" starttime="20211213 17:58:05.828" endtime="20211213 17:58:05.849"/>
</kw>
<status status="PASS" starttime="20211213 17:58:05.828" endtime="20211213 17:58:05.849"/>
</kw>
<kw name="Close Browser" library="SeleniumLibrary" type="TEARDOWN">
<doc>Closes the current browser.</doc>
<status status="PASS" starttime="20211213 17:58:05.850" endtime="20211213 17:58:07.999"/>
</kw>
<status status="PASS" starttime="20211213 17:58:03.752" endtime="20211213 17:58:08.000"/>
</test>
<doc>A test suite with a single test for valid login

This test follows the example using keywords from
the SeleniumLibrary</doc>
<status status="PASS" starttime="20211213 17:57:58.511" endtime="20211213 17:58:08.002"/>
</suite>
<status status="PASS" starttime="20211213 17:57:58.486" endtime="20211213 17:58:08.003"/>
</suite>
<statistics>
<total>
<stat pass="2" fail="0" skip="0">All Tests</stat>
</total>
<tag>
</tag>
<suite>
<stat pass="2" fail="0" skip="0" id="s1" name="Tests">Tests</stat>
<stat pass="2" fail="0" skip="0" id="s1-s1" name="Valid Login">Tests.Valid Login</stat>
</suite>
</statistics>
<errors>
</errors>
</robot>
